#
# A fatal error has been detected by the Java Runtime Environment:
#
#  EXCEPTION_ACCESS_VIOLATION (0xc0000005) at pc=0x0000000072c3b71d, pid=8056, tid=0x00000000000024e8
#
# JRE version: OpenJDK Runtime Environment (8.0_112-b06) (build 1.8.0_112-release-b06)
# Java VM: OpenJDK 64-Bit Server VM (25.112-b06 mixed mode windows-amd64 compressed oops)
# Problematic frame:
# V  [jvm.dll+0xb71d]
#
# Failed to write core dump. Minidumps are not enabled by default on client versions of Windows
#
# If you would like to submit a bug report, please visit:
#   http://bugreport.java.com/bugreport/crash.jsp
#

---------------  T H R E A D  ---------------

Current thread (0x0000000016965000):  JavaThread "C1 CompilerThread2" daemon [_thread_in_vm, id=9448, stack(0x00000000182b0000,0x00000000183b0000)]

siginfo: ExceptionCode=0xc0000005, reading address 0xffffffffffffffff

Registers:
RAX=0xda56efd9daa53998, RBX=0xda56efd9daa53998, RCX=0x000000001695a5e8, RDX=0x0000000000000006
RSP=0x00000000183ae550, RBP=0x00000000000000b8, RSI=0x00000000183ae618, RDI=0x0000000000000000
R8 =0x0000000000000006, R9 =0x0000000016964ac0, R10=0x00000000207c19f0, R11=0x00000000228100f0
R12=0x00000000183ae688, R13=0x0000000000000112, R14=0x00000000183af3d0, R15=0x0000000000000000
RIP=0x0000000072c3b71d, EFLAGS=0x0000000000010282

Top of Stack: (sp=0x00000000183ae550)
0x00000000183ae550:   00000000183ae618 0000000000000000
0x00000000183ae560:   0000000016965000 da56efd9daa53998
0x00000000183ae570:   000000001c134560 00000000ffffffff
0x00000000183ae580:   00000000207c19f0 0000000016965000
0x00000000183ae590:   0000000000000006 0000000019242ae0
0x00000000183ae5a0:   000000001c134560 0000000072cf6a2b
0x00000000183ae5b0:   0000000019242a50 0000000016965000
0x00000000183ae5c0:   00000000000000b8 0000000000000047
0x00000000183ae5d0:   00000000183af3d0 0000000072c3bf1c
0x00000000183ae5e0:   0000000000000112 00000000000000b8
0x00000000183ae5f0:   0000000000000112 00000000183ae6a0
0x00000000183ae600:   0000000019242a50 0000000072c3e813
0x00000000183ae610:   0000000000000006 00000000207c19f0
0x00000000183ae620:   0000000016965000 0000000022810110
0x00000000183ae630:   0000000000000001 000000001e6947b0
0x00000000183ae640:   00000000000000b8 00000000183af3d0 

Instructions: (pc=0x0000000072c3b71d)
0x0000000072c3b6fd:   e8 ee 65 ff ff 48 8b c5 e9 90 00 00 00 b0 01 48
0x0000000072c3b70d:   8b ce 41 88 04 24 e8 d8 65 ff ff 48 8b c5 eb 7d
0x0000000072c3b71d:   48 8b 53 10 48 85 d2 75 18 48 8d 0d e3 9f 59 00
0x0000000072c3b72d:   ba ac 00 00 00 e8 d9 0d 24 00 e8 84 a5 25 00 eb 


Register to memory mapping:

RAX=0xda56efd9daa53998 is an unknown value
RBX=0xda56efd9daa53998 is an unknown value
RCX=0x000000001695a5e8 is an unknown value
RDX=0x0000000000000006 is an unknown value
RSP=0x00000000183ae550 is pointing into the stack for thread: 0x0000000016965000
RBP=0x00000000000000b8 is an unknown value
RSI=0x00000000183ae618 is pointing into the stack for thread: 0x0000000016965000
RDI=0x0000000000000000 is an unknown value
R8 =0x0000000000000006 is an unknown value
R9 =0x0000000016964ac0 is an unknown value
R10=0x00000000207c19f0 is pointing into metadata
R11=0x00000000228100f0 is an unknown value
R12=0x00000000183ae688 is pointing into the stack for thread: 0x0000000016965000
R13=0x0000000000000112 is an unknown value
R14=0x00000000183af3d0 is pointing into the stack for thread: 0x0000000016965000
R15=0x0000000000000000 is an unknown value


Stack: [0x00000000182b0000,0x00000000183b0000],  sp=0x00000000183ae550,  free space=1017k
Native frames: (J=compiled Java code, j=interpreted, Vv=VM code, C=native code)
V  [jvm.dll+0xb71d]
V  [jvm.dll+0xbf1c]
V  [jvm.dll+0xc13a]
V  [jvm.dll+0x2394d]
V  [jvm.dll+0x3e60c8]
V  [jvm.dll+0x3e9337]
V  [jvm.dll+0x3e9afb]
V  [jvm.dll+0x3ea9f6]
V  [jvm.dll+0x3eac58]
V  [jvm.dll+0x3e695b]
V  [jvm.dll+0x3e9337]
V  [jvm.dll+0x3e9c2d]
V  [jvm.dll+0x3ea022]
V  [jvm.dll+0x3ef0f5]
V  [jvm.dll+0x3ef200]
V  [jvm.dll+0x3d89d8]
V  [jvm.dll+0x3d8c41]
V  [jvm.dll+0x3d8e02]
V  [jvm.dll+0x3d8fd1]
V  [jvm.dll+0x3d91df]
V  [jvm.dll+0x80b29]
V  [jvm.dll+0x8145f]
V  [jvm.dll+0x21be7f]
V  [jvm.dll+0x26c13a]
C  [msvcr100.dll+0x21d9f]
C  [msvcr100.dll+0x21e3b]
C  [KERNEL32.DLL+0x12774]
C  [ntdll.dll+0x70d51]


Current CompileTask:
C1:1304686 16454   !   3       sun.security.x509.AVA::toRFC2253CanonicalString (484 bytes)


---------------  P R O C E S S  ---------------

Java Threads: ( => current thread )
  0x0000000019d2a800 JavaThread "Stdin handler" [_thread_blocked, id=9772, stack(0x0000000029570000,0x0000000029670000)]
  0x0000000019d31800 JavaThread "Asynchronous log dispatcher for DefaultDaemonConnection: socket connection from /127.0.0.1:50127 to /127.0.0.1:51079" [_thread_blocked, id=7592, stack(0x0000000029470000,0x0000000029570000)]
  0x0000000019d30000 JavaThread "Cancel handler" [_thread_blocked, id=5988, stack(0x0000000029370000,0x0000000029470000)]
  0x0000000019d2f000 JavaThread "Handler for socket connection from /127.0.0.1:50127 to /127.0.0.1:51079" [_thread_in_native, id=3468, stack(0x0000000029270000,0x0000000029370000)]
  0x0000000019d2b800 JavaThread "Daemon worker Thread 4" [_thread_blocked, id=8104, stack(0x0000000028b70000,0x0000000028c70000)]
  0x0000000019d2d800 JavaThread "Daemon Thread 4" [_thread_blocked, id=8112, stack(0x0000000028870000,0x0000000028970000)]
  0x000000001b905000 JavaThread "pool-10-thread-4" [_thread_blocked, id=3128, stack(0x0000000027b70000,0x0000000027c70000)]
  0x0000000019d33800 JavaThread "pool-10-thread-3" [_thread_blocked, id=104, stack(0x0000000027570000,0x0000000027670000)]
  0x0000000019d2c000 JavaThread "pool-10-thread-2" [_thread_blocked, id=3616, stack(0x0000000025f70000,0x0000000026070000)]
  0x0000000019d32000 JavaThread "pool-10-thread-1" [_thread_blocked, id=10676, stack(0x0000000025970000,0x0000000025a70000)]
  0x000000001b905800 JavaThread "File lock request listener" [_thread_in_native, id=5532, stack(0x000000001c3c0000,0x000000001c4c0000)]
  0x0000000018bb3000 JavaThread "pool-1-thread-1" [_thread_blocked, id=9288, stack(0x000000001acf0000,0x000000001adf0000)]
  0x000000001848a800 JavaThread "Incoming local TCP Connector on port 50127" [_thread_in_native, id=11672, stack(0x000000001a6c0000,0x000000001a7c0000)]
  0x00000000183e0800 JavaThread "Service Thread" daemon [_thread_blocked, id=7640, stack(0x00000000187b0000,0x00000000188b0000)]
=>0x0000000016965000 JavaThread "C1 CompilerThread2" daemon [_thread_in_vm, id=9448, stack(0x00000000182b0000,0x00000000183b0000)]
  0x000000001695f800 JavaThread "C2 CompilerThread1" daemon [_thread_blocked, id=12244, stack(0x00000000181b0000,0x00000000182b0000)]
  0x000000001695c800 JavaThread "C2 CompilerThread0" daemon [_thread_blocked, id=6344, stack(0x00000000180b0000,0x00000000181b0000)]
  0x000000001695b000 JavaThread "Attach Listener" daemon [_thread_blocked, id=6400, stack(0x0000000017fb0000,0x00000000180b0000)]
  0x0000000016959800 JavaThread "Signal Dispatcher" daemon [_thread_blocked, id=10224, stack(0x0000000017eb0000,0x0000000017fb0000)]
  0x0000000002fec000 JavaThread "Finalizer" daemon [_thread_blocked, id=10536, stack(0x0000000017bc0000,0x0000000017cc0000)]
  0x0000000002fe1000 JavaThread "Reference Handler" daemon [_thread_blocked, id=7652, stack(0x0000000017ac0000,0x0000000017bc0000)]
  0x00000000016dd800 JavaThread "main" [_thread_blocked, id=11572, stack(0x00000000015d0000,0x00000000016d0000)]

Other Threads:
  0x0000000016925800 VMThread [stack: 0x00000000179c0000,0x0000000017ac0000] [id=10792]
  0x00000000183e3000 WatcherThread [stack: 0x00000000188b0000,0x00000000189b0000] [id=11916]

VM state:synchronizing (normal execution)

VM Mutex/Monitor currently owned by a thread:  ([mutex/lock_event])
[0x00000000016dd140] Threads_lock - owner thread: 0x0000000016925800

Heap:
 PSYoungGen      total 313856K, used 76671K [0x00000000e0000000, 0x00000000f9880000, 0x0000000100000000)
  eden space 273408K, 19% used [0x00000000e0000000,0x00000000e355ac88,0x00000000f0b00000)
  from space 40448K, 54% used [0x00000000f0b00000,0x00000000f20850e0,0x00000000f3280000)
  to   space 39424K, 0% used [0x00000000f7200000,0x00000000f7200000,0x00000000f9880000)
 ParOldGen       total 146944K, used 52645K [0x00000000a0000000, 0x00000000a8f80000, 0x00000000e0000000)
  object space 146944K, 35% used [0x00000000a0000000,0x00000000a33694e0,0x00000000a8f80000)
 Metaspace       used 76663K, capacity 80478K, committed 80768K, reserved 1120256K
  class space    used 9877K, capacity 10540K, committed 10624K, reserved 1048576K

Card table byte_map: [0x00000000123b0000,0x00000000126c0000] byte_map_base: 0x0000000011eb0000

Marking Bits: (ParMarkBitMap*) 0x00000000733f18f0
 Begin Bits: [0x0000000012cc0000, 0x00000000144c0000)
 End Bits:   [0x00000000144c0000, 0x0000000015cc0000)

Polling page: 0x00000000016e0000

CodeCache: size=245760Kb used=45013Kb max_used=45249Kb free=200747Kb
 bounds [0x0000000002ff0000, 0x0000000005cc0000, 0x0000000011ff0000]
 total_blobs=14116 nmethods=13294 adapters=733
 compilation: enabled

Compilation events (10 events):
Event: 1304.231 Thread 0x0000000016965000 nmethod 16450 0x0000000004131590 code [0x0000000004131760, 0x0000000004131da8]
Event: 1304.233 Thread 0x0000000016965000 16451       3       sun.security.ssl.CipherSuite::valueOf (67 bytes)
Event: 1304.235 Thread 0x0000000016965000 nmethod 16451 0x00000000046bbd90 code [0x00000000046bbfc0, 0x00000000046bcce8]
Event: 1304.281 Thread 0x0000000016965000 16452       3       sun.security.x509.CertificateVersion::compare (7 bytes)
Event: 1304.282 Thread 0x0000000016965000 nmethod 16452 0x0000000005362850 code [0x00000000053629a0, 0x0000000005362af0]
Event: 1304.283 Thread 0x000000001695f800 16453       4       sun.security.util.DerValue::<init> (250 bytes)
Event: 1304.301 Thread 0x0000000016965000 16454   !   3       sun.security.x509.AVA::toRFC2253CanonicalString (484 bytes)
Event: 1304.303 Thread 0x000000001695f800 nmethod 16453 0x00000000054a0d50 code [0x00000000054a0ec0, 0x00000000054a1b98]
Event: 1304.306 Thread 0x000000001695c800 16459       4       sun.security.util.DerValue::isPrintableStringChar (184 bytes)
Event: 1304.309 Thread 0x000000001695c800 nmethod 16459 0x0000000004e82550 code [0x0000000004e827c0, 0x0000000004e82878]

GC Heap History (10 events):
Event: 221.141 GC heap before
{Heap before GC invocations=22 (full 3):
 PSYoungGen      total 195072K, used 181213K [0x00000000e0000000, 0x00000000efb00000, 0x0000000100000000)
  eden space 164864K, 100% used [0x00000000e0000000,0x00000000ea100000,0x00000000ea100000)
  from space 30208K, 54% used [0x00000000ebe00000,0x00000000ecdf74c8,0x00000000edb80000)
  to   space 29696K, 0% used [0x00000000ea100000,0x00000000ea100000,0x00000000ebe00000)
 ParOldGen       total 146944K, used 31740K [0x00000000a0000000, 0x00000000a8f80000, 0x00000000e0000000)
  object space 146944K, 21% used [0x00000000a0000000,0x00000000a1eff280,0x00000000a8f80000)
 Metaspace       used 66352K, capacity 68502K, committed 68608K, reserved 1110016K
  class space    used 8467K, capacity 8875K, committed 8960K, reserved 1048576K
Event: 221.179 GC heap after
Heap after GC invocations=22 (full 3):
 PSYoungGen      total 194560K, used 23754K [0x00000000e0000000, 0x00000000f1400000, 0x0000000100000000)
  eden space 164864K, 0% used [0x00000000e0000000,0x00000000e0000000,0x00000000ea100000)
  from space 29696K, 79% used [0x00000000ea100000,0x00000000eb8328a8,0x00000000ebe00000)
  to   space 31744K, 0% used [0x00000000ef500000,0x00000000ef500000,0x00000000f1400000)
 ParOldGen       total 146944K, used 31748K [0x00000000a0000000, 0x00000000a8f80000, 0x00000000e0000000)
  object space 146944K, 21% used [0x00000000a0000000,0x00000000a1f01280,0x00000000a8f80000)
 Metaspace       used 66352K, capacity 68502K, committed 68608K, reserved 1110016K
  class space    used 8467K, capacity 8875K, committed 8960K, reserved 1048576K
}
Event: 224.847 GC heap before
{Heap before GC invocations=23 (full 3):
 PSYoungGen      total 194560K, used 187722K [0x00000000e0000000, 0x00000000f1400000, 0x0000000100000000)
  eden space 164864K, 99% used [0x00000000e0000000,0x00000000ea0202d8,0x00000000ea100000)
  from space 29696K, 79% used [0x00000000ea100000,0x00000000eb8328a8,0x00000000ebe00000)
  to   space 31744K, 0% used [0x00000000ef500000,0x00000000ef500000,0x00000000f1400000)
 ParOldGen       total 146944K, used 31748K [0x00000000a0000000, 0x00000000a8f80000, 0x00000000e0000000)
  object space 146944K, 21% used [0x00000000a0000000,0x00000000a1f01280,0x00000000a8f80000)
 Metaspace       used 66603K, capacity 68876K, committed 69120K, reserved 1110016K
  class space    used 8471K, capacity 8882K, committed 8960K, reserved 1048576K
Event: 224.882 GC heap after
Heap after GC invocations=23 (full 3):
 PSYoungGen      total 248320K, used 25974K [0x00000000e0000000, 0x00000000f1580000, 0x0000000100000000)
  eden space 216576K, 0% used [0x00000000e0000000,0x00000000e0000000,0x00000000ed380000)
  from space 31744K, 81% used [0x00000000ef500000,0x00000000f0e5d8f8,0x00000000f1400000)
  to   space 33792K, 0% used [0x00000000ed380000,0x00000000ed380000,0x00000000ef480000)
 ParOldGen       total 146944K, used 31756K [0x00000000a0000000, 0x00000000a8f80000, 0x00000000e0000000)
  object space 146944K, 21% used [0x00000000a0000000,0x00000000a1f03280,0x00000000a8f80000)
 Metaspace       used 66603K, capacity 68876K, committed 69120K, reserved 1110016K
  class space    used 8471K, capacity 8882K, committed 8960K, reserved 1048576K
}
Event: 1109.788 GC heap before
{Heap before GC invocations=24 (full 3):
 PSYoungGen      total 248320K, used 242550K [0x00000000e0000000, 0x00000000f1580000, 0x0000000100000000)
  eden space 216576K, 100% used [0x00000000e0000000,0x00000000ed380000,0x00000000ed380000)
  from space 31744K, 81% used [0x00000000ef500000,0x00000000f0e5d8f8,0x00000000f1400000)
  to   space 33792K, 0% used [0x00000000ed380000,0x00000000ed380000,0x00000000ef480000)
 ParOldGen       total 146944K, used 31756K [0x00000000a0000000, 0x00000000a8f80000, 0x00000000e0000000)
  object space 146944K, 21% used [0x00000000a0000000,0x00000000a1f03280,0x00000000a8f80000)
 Metaspace       used 67434K, capacity 69930K, committed 70016K, reserved 1110016K
  class space    used 8607K, capacity 9050K, committed 9088K, reserved 1048576K
Event: 1109.833 GC heap after
Heap after GC invocations=24 (full 3):
 PSYoungGen      total 250368K, used 19985K [0x00000000e0000000, 0x00000000f5380000, 0x0000000100000000)
  eden space 216576K, 0% used [0x00000000e0000000,0x00000000e0000000,0x00000000ed380000)
  from space 33792K, 59% used [0x00000000ed380000,0x00000000ee704620,0x00000000ef480000)
  to   space 33792K, 0% used [0x00000000f3280000,0x00000000f3280000,0x00000000f5380000)
 ParOldGen       total 146944K, used 31764K [0x00000000a0000000, 0x00000000a8f80000, 0x00000000e0000000)
  object space 146944K, 21% used [0x00000000a0000000,0x00000000a1f05280,0x00000000a8f80000)
 Metaspace       used 67434K, capacity 69930K, committed 70016K, reserved 1110016K
  class space    used 8607K, capacity 9050K, committed 9088K, reserved 1048576K
}
Event: 1158.888 GC heap before
{Heap before GC invocations=25 (full 3):
 PSYoungGen      total 250368K, used 236561K [0x00000000e0000000, 0x00000000f5380000, 0x0000000100000000)
  eden space 216576K, 100% used [0x00000000e0000000,0x00000000ed380000,0x00000000ed380000)
  from space 33792K, 59% used [0x00000000ed380000,0x00000000ee704620,0x00000000ef480000)
  to   space 33792K, 0% used [0x00000000f3280000,0x00000000f3280000,0x00000000f5380000)
 ParOldGen       total 146944K, used 31764K [0x00000000a0000000, 0x00000000a8f80000, 0x00000000e0000000)
  object space 146944K, 21% used [0x00000000a0000000,0x00000000a1f05280,0x00000000a8f80000)
 Metaspace       used 75112K, capacity 78428K, committed 78464K, reserved 1118208K
  class space    used 9734K, capacity 10345K, committed 10368K, reserved 1048576K
Event: 1158.963 GC heap after
Heap after GC invocations=25 (full 3):
 PSYoungGen      total 307200K, used 33766K [0x00000000e0000000, 0x00000000f5b80000, 0x0000000100000000)
  eden space 273408K, 0% used [0x00000000e0000000,0x00000000e0000000,0x00000000f0b00000)
  from space 33792K, 99% used [0x00000000f3280000,0x00000000f53799a8,0x00000000f5380000)
  to   space 40448K, 0% used [0x00000000f0b00000,0x00000000f0b00000,0x00000000f3280000)
 ParOldGen       total 146944K, used 37341K [0x00000000a0000000, 0x00000000a8f80000, 0x00000000e0000000)
  object space 146944K, 25% used [0x00000000a0000000,0x00000000a2477678,0x00000000a8f80000)
 Metaspace       used 75112K, capacity 78428K, committed 78464K, reserved 1118208K
  class space    used 9734K, capacity 10345K, committed 10368K, reserved 1048576K
}
Event: 1302.517 GC heap before
{Heap before GC invocations=26 (full 3):
 PSYoungGen      total 307200K, used 307174K [0x00000000e0000000, 0x00000000f5b80000, 0x0000000100000000)
  eden space 273408K, 100% used [0x00000000e0000000,0x00000000f0b00000,0x00000000f0b00000)
  from space 33792K, 99% used [0x00000000f3280000,0x00000000f53799a8,0x00000000f5380000)
  to   space 40448K, 0% used [0x00000000f0b00000,0x00000000f0b00000,0x00000000f3280000)
 ParOldGen       total 146944K, used 37341K [0x00000000a0000000, 0x00000000a8f80000, 0x00000000e0000000)
  object space 146944K, 25% used [0x00000000a0000000,0x00000000a2477678,0x00000000a8f80000)
 Metaspace       used 76063K, capacity 79850K, committed 79872K, reserved 1118208K
  class space    used 9824K, capacity 10494K, committed 10496K, reserved 1048576K
Event: 1302.605 GC heap after
Heap after GC invocations=26 (full 3):
 PSYoungGen      total 313856K, used 22036K [0x00000000e0000000, 0x00000000f9880000, 0x0000000100000000)
  eden space 273408K, 0% used [0x00000000e0000000,0x00000000e0000000,0x00000000f0b00000)
  from space 40448K, 54% used [0x00000000f0b00000,0x00000000f20850e0,0x00000000f3280000)
  to   space 39424K, 0% used [0x00000000f7200000,0x00000000f7200000,0x00000000f9880000)
 ParOldGen       total 146944K, used 52645K [0x00000000a0000000, 0x00000000a8f80000, 0x00000000e0000000)
  object space 146944K, 35% used [0x00000000a0000000,0x00000000a33694e0,0x00000000a8f80000)
 Metaspace       used 76063K, capacity 79850K, committed 79872K, reserved 1118208K
  class space    used 9824K, capacity 10494K, committed 10496K, reserved 1048576K
}

Deoptimization events (10 events):
Event: 1266.807 Thread 0x0000000019d2b800 Uncommon trap: reason=unstable_if action=reinterpret pc=0x0000000005957e8c method=java.io.ObjectOutputStream$BlockDataOutputStream.writeBytes(Ljava/lang/String;)V @ 22
Event: 1266.807 Thread 0x0000000019d2b800 Uncommon trap: reason=unstable_if action=reinterpret pc=0x00000000049c69dc method=java.io.ObjectOutputStream$BlockDataOutputStream.writeBytes(Ljava/lang/String;)V @ 22
Event: 1266.811 Thread 0x0000000019d2b800 Uncommon trap: reason=unstable_if action=reinterpret pc=0x00000000036784f0 method=java.io.ObjectOutputStream$BlockDataOutputStream.writeBytes(Ljava/lang/String;)V @ 22
Event: 1266.869 Thread 0x0000000019d2b800 Uncommon trap: reason=bimorphic action=maybe_recompile pc=0x0000000004fb825c method=org.gradle.internal.logging.text.AbstractStyledTextOutput.text(Ljava/lang/Object;)Lorg/gradle/internal/logging/text/StyledTextOutput; @ 11
Event: 1266.872 Thread 0x0000000019d2b800 Uncommon trap: reason=bimorphic action=maybe_recompile pc=0x0000000004fb825c method=org.gradle.internal.logging.text.AbstractStyledTextOutput.text(Ljava/lang/Object;)Lorg/gradle/internal/logging/text/StyledTextOutput; @ 11
Event: 1266.872 Thread 0x0000000019d2b800 Uncommon trap: reason=bimorphic action=maybe_recompile pc=0x0000000004fb825c method=org.gradle.internal.logging.text.AbstractStyledTextOutput.text(Ljava/lang/Object;)Lorg/gradle/internal/logging/text/StyledTextOutput; @ 11
Event: 1266.872 Thread 0x0000000019d2b800 Uncommon trap: reason=bimorphic action=maybe_recompile pc=0x0000000004fb825c method=org.gradle.internal.logging.text.AbstractStyledTextOutput.text(Ljava/lang/Object;)Lorg/gradle/internal/logging/text/StyledTextOutput; @ 11
Event: 1273.193 Thread 0x0000000019d2b800 Uncommon trap: reason=class_check action=maybe_recompile pc=0x000000000435c58c method=sun.misc.URLClassPath.findResource(Ljava/lang/String;Z)Ljava/net/URL; @ 26
Event: 1273.195 Thread 0x0000000019d2b800 Uncommon trap: reason=class_check action=maybe_recompile pc=0x000000000435c58c method=sun.misc.URLClassPath.findResource(Ljava/lang/String;Z)Ljava/net/URL; @ 26
Event: 1304.223 Thread 0x0000000019d2b800 Uncommon trap: reason=unstable_if action=reinterpret pc=0x00000000043279a4 method=java.io.FileDescriptor.attach(Ljava/io/Closeable;)V @ 4

Internal exceptions (10 events):
Event: 1303.669 Thread 0x0000000019d2b800 Exception <a 'sun/nio/fs/WindowsException'> (0x00000000e1b57f38) thrown at [C:\src\android\AOSP-openjdk\external\jetbrains\jdk\hotspot\src\share\vm\prims\jni.cpp, line 709]
Event: 1303.669 Thread 0x0000000019d2b800 Exception <a 'sun/nio/fs/WindowsException'> (0x00000000e1b58c28) thrown at [C:\src\android\AOSP-openjdk\external\jetbrains\jdk\hotspot\src\share\vm\prims\jni.cpp, line 709]
Event: 1303.693 Thread 0x0000000019d2b800 Exception <a 'sun/nio/fs/WindowsException'> (0x00000000e1b5c288) thrown at [C:\src\android\AOSP-openjdk\external\jetbrains\jdk\hotspot\src\share\vm\prims\jni.cpp, line 709]
Event: 1303.693 Thread 0x0000000019d2b800 Exception <a 'sun/nio/fs/WindowsException'> (0x00000000e1b5ce60) thrown at [C:\src\android\AOSP-openjdk\external\jetbrains\jdk\hotspot\src\share\vm\prims\jni.cpp, line 709]
Event: 1303.693 Thread 0x0000000019d2b800 Exception <a 'sun/nio/fs/WindowsException'> (0x00000000e1b5ea78) thrown at [C:\src\android\AOSP-openjdk\external\jetbrains\jdk\hotspot\src\share\vm\prims\jni.cpp, line 709]
Event: 1303.693 Thread 0x0000000019d2b800 Exception <a 'sun/nio/fs/WindowsException'> (0x00000000e1b5f688) thrown at [C:\src\android\AOSP-openjdk\external\jetbrains\jdk\hotspot\src\share\vm\prims\jni.cpp, line 709]
Event: 1303.693 Thread 0x0000000019d2b800 Exception <a 'sun/nio/fs/WindowsException'> (0x00000000e1b621c0) thrown at [C:\src\android\AOSP-openjdk\external\jetbrains\jdk\hotspot\src\share\vm\prims\jni.cpp, line 709]
Event: 1303.693 Thread 0x0000000019d2b800 Exception <a 'sun/nio/fs/WindowsException'> (0x00000000e1b62e10) thrown at [C:\src\android\AOSP-openjdk\external\jetbrains\jdk\hotspot\src\share\vm\prims\jni.cpp, line 709]
Event: 1303.693 Thread 0x0000000019d2b800 Exception <a 'sun/nio/fs/WindowsException'> (0x00000000e1b64aa0) thrown at [C:\src\android\AOSP-openjdk\external\jetbrains\jdk\hotspot\src\share\vm\prims\jni.cpp, line 709]
Event: 1303.693 Thread 0x0000000019d2b800 Exception <a 'sun/nio/fs/WindowsException'> (0x00000000e1b65728) thrown at [C:\src\android\AOSP-openjdk\external\jetbrains\jdk\hotspot\src\share\vm\prims\jni.cpp, line 709]

Events (10 events):
Event: 1304.305 Thread 0x000000001695f800 flushing nmethod 0x0000000003b360d0
Event: 1304.309 loading class sun/security/ssl/SSLAlgorithmConstraints$SupportedSignatureAlgorithmConstraints
Event: 1304.309 loading class sun/security/ssl/SSLAlgorithmConstraints$SupportedSignatureAlgorithmConstraints done
Event: 1304.310 loading class sun/security/provider/certpath/AlgorithmChecker
Event: 1304.323 loading class java/security/cert/PKIXCertPathChecker
Event: 1304.323 loading class java/security/cert/CertPathChecker
Event: 1304.328 loading class java/security/cert/CertPathChecker done
Event: 1304.328 loading class java/security/cert/PKIXCertPathChecker done
Event: 1304.328 loading class sun/security/provider/certpath/AlgorithmChecker done
Event: 1304.328 Executing VM operation: RevokeBias


Dynamic libraries:
0x00007ff6a4e10000 - 0x00007ff6a4e41000 	C:\Program Files\Android\Android Studio\jre\bin\java.exe
0x00007ffe8b990000 - 0x00007ffe8bb6b000 	C:\WINDOWS\SYSTEM32\ntdll.dll
0x00007ffe8ab50000 - 0x00007ffe8abfe000 	C:\WINDOWS\System32\KERNEL32.DLL
0x00007ffe883f0000 - 0x00007ffe88639000 	C:\WINDOWS\System32\KERNELBASE.dll
0x00007ffe8af30000 - 0x00007ffe8afd1000 	C:\WINDOWS\System32\ADVAPI32.dll
0x00007ffe8a680000 - 0x00007ffe8a71d000 	C:\WINDOWS\System32\msvcrt.dll
0x00007ffe8a450000 - 0x00007ffe8a4a9000 	C:\WINDOWS\System32\sechost.dll
0x00007ffe8a9e0000 - 0x00007ffe8ab05000 	C:\WINDOWS\System32\RPCRT4.dll
0x00007ffe8a890000 - 0x00007ffe8a9da000 	C:\WINDOWS\System32\USER32.dll
0x00007ffe883d0000 - 0x00007ffe883ee000 	C:\WINDOWS\System32\win32u.dll
0x00007ffe8af00000 - 0x00007ffe8af27000 	C:\WINDOWS\System32\GDI32.dll
0x00007ffe881a0000 - 0x00007ffe88327000 	C:\WINDOWS\System32\gdi32full.dll
0x00007ffe88330000 - 0x00007ffe883ca000 	C:\WINDOWS\System32\msvcp_win.dll
0x00007ffe88d40000 - 0x00007ffe88e36000 	C:\WINDOWS\System32\ucrtbase.dll
0x00007ffe7d920000 - 0x00007ffe7db87000 	C:\WINDOWS\WinSxS\amd64_microsoft.windows.common-controls_6595b64144ccf1df_6.0.15063.483_none_26002d27e7c744a2\COMCTL32.dll
0x00007ffe8ac00000 - 0x00007ffe8aef9000 	C:\WINDOWS\System32\combase.dll
0x00007ffe88130000 - 0x00007ffe8819a000 	C:\WINDOWS\System32\bcryptPrimitives.dll
0x00007ffe8ab20000 - 0x00007ffe8ab4d000 	C:\WINDOWS\System32\IMM32.DLL
0x0000000073cd0000 - 0x0000000073da2000 	C:\Program Files\Android\Android Studio\jre\jre\bin\msvcr100.dll
0x0000000072c30000 - 0x000000007346c000 	C:\Program Files\Android\Android Studio\jre\jre\bin\server\jvm.dll
0x00007ffe8ab10000 - 0x00007ffe8ab18000 	C:\WINDOWS\System32\PSAPI.DLL
0x00007ffe7bbe0000 - 0x00007ffe7bbe9000 	C:\WINDOWS\SYSTEM32\WSOCK32.dll
0x00007ffe8b920000 - 0x00007ffe8b98c000 	C:\WINDOWS\System32\WS2_32.dll
0x00007ffe84010000 - 0x00007ffe84033000 	C:\WINDOWS\SYSTEM32\WINMM.dll
0x00007ffe83f60000 - 0x00007ffe83f8b000 	C:\WINDOWS\SYSTEM32\WINMMBASE.dll
0x00007ffe88e40000 - 0x00007ffe88e89000 	C:\WINDOWS\System32\cfgmgr32.dll
0x00007ffe87030000 - 0x00007ffe8703a000 	C:\WINDOWS\SYSTEM32\VERSION.dll
0x00007ffe84ac0000 - 0x00007ffe84acf000 	C:\Program Files\Android\Android Studio\jre\jre\bin\verify.dll
0x00007ffe7d590000 - 0x00007ffe7d5b9000 	C:\Program Files\Android\Android Studio\jre\jre\bin\java.dll
0x00007ffe82c40000 - 0x00007ffe82c56000 	C:\Program Files\Android\Android Studio\jre\jre\bin\zip.dll
0x00007ffe88f00000 - 0x00007ffe8a337000 	C:\WINDOWS\System32\SHELL32.dll
0x00007ffe8a780000 - 0x00007ffe8a82a000 	C:\WINDOWS\System32\shcore.dll
0x00007ffe88640000 - 0x00007ffe88d31000 	C:\WINDOWS\System32\windows.storage.dll
0x00007ffe8a720000 - 0x00007ffe8a771000 	C:\WINDOWS\System32\shlwapi.dll
0x00007ffe87e20000 - 0x00007ffe87e31000 	C:\WINDOWS\System32\kernel.appcore.dll
0x00007ffe87e40000 - 0x00007ffe87e8c000 	C:\WINDOWS\System32\powrprof.dll
0x00007ffe87e90000 - 0x00007ffe87ea5000 	C:\WINDOWS\System32\profapi.dll
0x00007ffe60190000 - 0x00007ffe601aa000 	C:\Program Files\Android\Android Studio\jre\jre\bin\net.dll
0x00007ffe876b0000 - 0x00007ffe8770c000 	C:\WINDOWS\system32\mswsock.dll
0x00007ffe4f550000 - 0x00007ffe4f561000 	C:\Program Files\Android\Android Studio\jre\jre\bin\nio.dll
0x00007ffe80d40000 - 0x00007ffe80d5e000 	C:\Users\Matt\.gradle\native\23\windows-amd64\native-platform.dll
0x00007ffe87850000 - 0x00007ffe87867000 	C:\WINDOWS\SYSTEM32\CRYPTSP.dll
0x00007ffe872d0000 - 0x00007ffe87304000 	C:\WINDOWS\system32\rsaenh.dll
0x00007ffe87cd0000 - 0x00007ffe87cf5000 	C:\WINDOWS\SYSTEM32\bcrypt.dll
0x00007ffe87d30000 - 0x00007ffe87d59000 	C:\WINDOWS\SYSTEM32\USERENV.dll
0x00007ffe87870000 - 0x00007ffe8787b000 	C:\WINDOWS\SYSTEM32\CRYPTBASE.dll
0x00007ffe87450000 - 0x00007ffe87487000 	C:\WINDOWS\SYSTEM32\IPHLPAPI.DLL
0x00007ffe8afe0000 - 0x00007ffe8afe8000 	C:\WINDOWS\System32\NSI.dll
0x00007ffe81a40000 - 0x00007ffe81a56000 	C:\WINDOWS\SYSTEM32\dhcpcsvc6.DLL
0x00007ffe81a20000 - 0x00007ffe81a3a000 	C:\WINDOWS\SYSTEM32\dhcpcsvc.DLL
0x00007ffe82d70000 - 0x00007ffe82d7d000 	C:\Program Files\Android\Android Studio\jre\jre\bin\management.dll
0x00007ffe86d90000 - 0x00007ffe86dc1000 	C:\WINDOWS\SYSTEM32\ntmarta.dll
0x00007ffe5cc40000 - 0x00007ffe5cc64000 	C:\Program Files\Android\Android Studio\jre\jre\bin\sunec.dll
0x00007ffe7e9a0000 - 0x00007ffe7e9ab000 	C:\Program Files\Android\Android Studio\jre\jre\bin\sunmscapi.dll
0x00007ffe87f60000 - 0x00007ffe88129000 	C:\WINDOWS\System32\CRYPT32.dll
0x00007ffe87e00000 - 0x00007ffe87e11000 	C:\WINDOWS\System32\MSASN1.dll
0x00007ffe87490000 - 0x00007ffe87534000 	C:\WINDOWS\SYSTEM32\DNSAPI.dll
0x00007ffe7bc60000 - 0x00007ffe7bc6a000 	C:\Windows\System32\rasadhlp.dll
0x00007ffe81ed0000 - 0x00007ffe81f3b000 	C:\WINDOWS\System32\fwpuclnt.dll
0x00007ffe81f70000 - 0x00007ffe82119000 	C:\WINDOWS\SYSTEM32\dbghelp.dll

VM Arguments:
jvm_args: -Xmx1536m -Dfile.encoding=windows-1252 -Duser.country=US -Duser.language=en -Duser.variant 
java_command: org.gradle.launcher.daemon.bootstrap.GradleDaemon 3.3
java_class_path (initial): C:\Users\Matt\.gradle\wrapper\dists\gradle-3.3-all\55gk2rcmfc6p2dg9u9ohc3hw9\gradle-3.3\lib\gradle-launcher-3.3.jar
Launcher Type: SUN_STANDARD

Environment Variables:
USERNAME=Matt
OS=Windows_NT
PROCESSOR_IDENTIFIER=Intel64 Family 6 Model 69 Stepping 1, GenuineIntel



---------------  S Y S T E M  ---------------

OS: Windows 10.0 , 64 bit Build 15063 (10.0.15063.296)

CPU:total 4 (2 cores per cpu, 2 threads per core) family 6 model 69 stepping 1, cmov, cx8, fxsr, mmx, sse, sse2, sse3, ssse3, sse4.1, sse4.2, popcnt, avx, avx2, aes, clmul, erms, lzcnt, ht, tsc, tscinvbit, bmi1, bmi2

Memory: 4k page, physical 8268960k(1502508k free), swap 9579680k(1916544k free)

vm_info: OpenJDK 64-Bit Server VM (25.112-b06) for windows-amd64 JRE (1.8.0_112-release-b06), built on Dec  8 2016 00:54:26 by "builder" with MS VC++ 10.0 (VS2010)

time: Wed Nov 15 20:28:59 2017
elapsed time: 1304 seconds (0d 0h 21m 44s)

